<?xml version="1.0" encoding="UTF-8"?>
<!-- Generated by org.testng.reporters.JUnitReportReporter -->
<testsuite hostname="Milind" failures="0" tests="1" name="com.mgs.TestBase.BaseTest" time="6.438" errors="0" timestamp="2024-08-30T06:37:04 IST" skipped="0">
  <testcase classname="com.mgs.TestBase.BaseTest" name="getWeDriver" time="6.438"/>
  <system-out/>
</testsuite> <!-- com.mgs.TestBase.BaseTest -->
