<?xml version="1.0" encoding="UTF-8"?>
<!-- Generated by org.testng.reporters.JUnitReportReporter -->
<testsuite hostname="Milind" failures="0" tests="1" name="com.mgs.Tests.WebTests.ClusterHomeExplore" time="50.828" errors="0" timestamp="2024-09-22T10:52:04 IST" skipped="0">
  <testcase classname="com.mgs.Tests.WebTests.ClusterHomeExplore" name="VerifyingCommunityMembers" time="50.828"/>
</testsuite> <!-- com.mgs.Tests.WebTests.ClusterHomeExplore -->
