<?xml version="1.0" encoding="UTF-8"?>
<!-- Generated by org.testng.reporters.JUnitReportReporter -->
<testsuite hostname="Milind" failures="0" tests="1" name="com.mgs.Tests.WebTests.ClusterHomeExplore" time="105.308" errors="0" timestamp="2024-09-23T00:03:16 IST" skipped="0">
  <testcase classname="com.mgs.Tests.WebTests.ClusterHomeExplore" name="VerifyingCommunityMembers" time="105.308"/>
</testsuite> <!-- com.mgs.Tests.WebTests.ClusterHomeExplore -->
