<?xml version="1.0" encoding="UTF-8"?>
<!-- Generated by org.testng.reporters.JUnitReportReporter -->
<testsuite hostname="Milind" failures="0" tests="1" name="com.mgs.Tests.WebTests.ConnectionGroups" time="44.213" errors="0" timestamp="2024-09-22T11:42:19 IST" skipped="0">
  <testcase classname="com.mgs.Tests.WebTests.ConnectionGroups" name="VerifyingConnectionsGroups" time="44.213"/>
</testsuite> <!-- com.mgs.Tests.WebTests.ConnectionGroups -->
