<?xml version="1.0" encoding="UTF-8"?>
<!-- Generated by org.testng.reporters.JUnitReportReporter -->
<testsuite hostname="milind-Latitude-3420" failures="0" tests="1" name="com.mgs.Tests.WebTests.ProgramDetails" time="94.122" errors="0" timestamp="2024-10-20T23:43:57 IST" skipped="0">
  <testcase classname="com.mgs.Tests.WebTests.ProgramDetails" name="VerifyingProgramDetails" time="94.122"/>
</testsuite> <!-- com.mgs.Tests.WebTests.ProgramDetails -->
