<?xml version="1.0" encoding="UTF-8"?>
<!-- Generated by org.testng.reporters.JUnitReportReporter -->
<testsuite hostname="Milind" failures="0" tests="1" name="com.mgs.Tests.WebTests.Explore" time="21.744" errors="0" timestamp="2024-08-31T15:48:41 IST" skipped="0">
  <testcase classname="com.mgs.Tests.WebTests.Explore" name="testLoginFunctionality" time="21.744"/>
</testsuite> <!-- com.mgs.Tests.WebTests.Explore -->
