<?xml version="1.0" encoding="UTF-8"?>
<!-- Generated by org.testng.reporters.JUnitReportReporter -->
<testsuite hostname="Milind" failures="0" tests="1" name="com.mgs.Tests.WebTests.ParameterCheck" time="18.119" errors="0" timestamp="2024-09-01T00:48:36 IST" skipped="0">
  <testcase classname="com.mgs.Tests.WebTests.ParameterCheck" name="paraterTest" time="18.119"/>
</testsuite> <!-- com.mgs.Tests.WebTests.ParameterCheck -->
