<?xml version="1.0" encoding="UTF-8"?>
<!-- Generated by org.testng.reporters.JUnitReportReporter -->
<testsuite hostname="milind-Latitude-3420" failures="0" tests="1" name="com.mgs.Tests.WebTests.ConnectionGroups" time="92.533" errors="0" timestamp="2024-10-20T23:43:57 IST" skipped="0">
  <testcase classname="com.mgs.Tests.WebTests.ConnectionGroups" name="VerifyingConnectionsGroups" time="92.533"/>
</testsuite> <!-- com.mgs.Tests.WebTests.ConnectionGroups -->
