<?xml version="1.0" encoding="UTF-8"?>
<!-- Generated by org.testng.reporters.JUnitReportReporter -->
<testsuite hostname="Milind" failures="0" tests="1" name="com.mgs.Tests.WebTests.ConnectionGroups" time="43.527" errors="0" timestamp="2024-09-22T10:52:04 IST" skipped="0">
  <testcase classname="com.mgs.Tests.WebTests.ConnectionGroups" name="VerifyingConnectionsGroups" time="43.527"/>
</testsuite> <!-- com.mgs.Tests.WebTests.ConnectionGroups -->
