<?xml version="1.0" encoding="UTF-8"?>
<!-- Generated by org.testng.reporters.JUnitReportReporter -->
<testsuite hostname="Milind" failures="0" tests="3" name="com.mgs.Tests.WebTests.ClusterHomeExplore" time="137.276" errors="0" timestamp="2024-09-05T23:04:44 IST" skipped="0">
  <testcase classname="com.mgs.Tests.WebTests.ClusterHomeExplore" name="verifyingCommunityMembers" time="53.000"/>
  <testcase classname="com.mgs.Tests.WebTests.ClusterHomeExplore" name="verifyingGroups" time="39.300"/>
  <testcase classname="com.mgs.Tests.WebTests.ClusterHomeExplore" name="verifyingPrograms" time="44.976"/>
</testsuite> <!-- com.mgs.Tests.WebTests.ClusterHomeExplore -->
