<?xml version="1.0" encoding="UTF-8"?>
<!-- Generated by org.testng.reporters.JUnitReportReporter -->
<testsuite hostname="milind-Latitude-3420" failures="0" tests="13" name="com.mgs.Tests.ApiTest.GroceriesApis" time="41.339" errors="0" timestamp="2024-10-20T23:43:57 IST" skipped="0">
  <testcase classname="com.mgs.Tests.ApiTest.GroceriesApis" name="verifyServerStatusIsUp" time="5.684"/>
  <testcase classname="com.mgs.Tests.ApiTest.GroceriesApis" name="generateAccessToken" time="3.077"/>
  <testcase classname="com.mgs.Tests.ApiTest.GroceriesApis" name="fetchProductById" time="2.693"/>
  <testcase classname="com.mgs.Tests.ApiTest.GroceriesApis" name="fetchAllProducts" time="4.073"/>
  <testcase classname="com.mgs.Tests.ApiTest.GroceriesApis" name="validateProductsUsingPOJO" time="1.549"/>
  <testcase classname="com.mgs.Tests.ApiTest.GroceriesApis" name="createNewCart" time="2.020"/>
  <testcase classname="com.mgs.Tests.ApiTest.GroceriesApis" name="fetchCartById" time="1.400"/>
  <testcase classname="com.mgs.Tests.ApiTest.GroceriesApis" name="addItemToCart" time="2.270"/>
  <testcase classname="com.mgs.Tests.ApiTest.GroceriesApis" name="updateCartItemQuantity" time="1.990"/>
  <testcase classname="com.mgs.Tests.ApiTest.GroceriesApis" name="createOrder" time="3.337"/>
  <testcase classname="com.mgs.Tests.ApiTest.GroceriesApis" name="fetchAllOrders" time="2.546"/>
  <testcase classname="com.mgs.Tests.ApiTest.GroceriesApis" name="updateOrderCustomerName" time="5.178"/>
  <testcase classname="com.mgs.Tests.ApiTest.GroceriesApis" name="deleteOrderById" time="5.522"/>
</testsuite> <!-- com.mgs.Tests.ApiTest.GroceriesApis -->
