<?xml version="1.0" encoding="UTF-8"?>
<!-- Generated by org.testng.reporters.JUnitReportReporter -->
<testsuite hostname="Milind" failures="0" tests="1" name="com.mgs.Tests.WebTests.ProgramDetails" time="100.251" errors="0" timestamp="2024-09-23T00:03:16 IST" skipped="0">
  <testcase classname="com.mgs.Tests.WebTests.ProgramDetails" name="VerifyingProgramDetails" time="100.251"/>
</testsuite> <!-- com.mgs.Tests.WebTests.ProgramDetails -->
