<?xml version="1.0" encoding="UTF-8"?>
<!-- Generated by org.testng.reporters.JUnitReportReporter -->
<testsuite hostname="milind-Latitude-3420" failures="0" tests="1" name="com.mgs.Tests.WebTests.ClusterHomeExplore" time="98.396" errors="0" timestamp="2024-10-20T23:43:57 IST" skipped="0">
  <testcase classname="com.mgs.Tests.WebTests.ClusterHomeExplore" name="VerifyingCommunityMembers" time="98.396"/>
</testsuite> <!-- com.mgs.Tests.WebTests.ClusterHomeExplore -->
